<?xml version="1.0" encoding="UTF-8"?>
<!-- Generated by org.testng.reporters.JUnitReportReporter -->
<testsuite hostname="Collaberas-MacBook-Pro.local" failures="0" tests="2" name="Test_Scenarios.Test_Scenarios_Amazon" time="23.769" errors="0" timestamp="2023-04-26T23:18:35 PST" skipped="0">
  <testcase classname="Test_Scenarios.Test_Scenarios_Amazon" name="logInAmazon" time="12.389"/>
  <system-out/>
  <testcase classname="Test_Scenarios.Test_Scenarios_Amazon" name="checkoutInAmazon" time="11.380"/>
  <system-out/>
</testsuite> <!-- Test_Scenarios.Test_Scenarios_Amazon -->
